<?xml version="1.0" encoding="UTF-8"?>
<!-- Generated by org.testng.reporters.JUnitReportReporter -->
<testsuite hostname="DESKTOP-N59289M" failures="0" tests="1" name="cucumberProject.CucumberProject.AppTest" time="0.150" errors="0" timestamp="2021-08-10T13:25:31 IST" skipped="0">
  <testcase classname="cucumberProject.CucumberProject.AppTest" name="testApp" time="0.150"/>
  <system-out/>
</testsuite> <!-- cucumberProject.CucumberProject.AppTest -->
